<?xml version="1.0" encoding="UTF-8"?>
<!-- Generated by org.testng.reporters.JUnitXMLReporter -->
<testsuite hostname="SISBLRLPT194" failures="11" tests="17" name="Test" time="136.47" errors="0" timestamp="26 Jun 2020 11:48:11 GMT">
  <testcase classname="Page_factory.customer" name="login" time="29.693"/>
  <testcase classname="Page_factory.customer" name="createcustomer_contactinfo" time="19.606">
    <failure type="java.lang.AssertionError" message="expected [Surety Name] but found [null]">
      <![CDATA[java.lang.AssertionError: expected [Surety Name] but found [null]
	at Page_factory.customer.createcustomer_contactinfo(customer.java:49)
... Removed 29 stack frames]]>
    </failure>
  </testcase> <!-- createcustomer_contactinfo -->
  <testcase classname="Page_factory.customer" name="createcustomer_underwritinginfo" time="12.283">
    <failure type="java.lang.AssertionError" message="expected [Contract Amount] but found [null]">
      <![CDATA[java.lang.AssertionError: expected [Contract Amount] but found [null]
	at Page_factory.customer.createcustomer_underwritinginfo(customer.java:75)
... Removed 29 stack frames]]>
    </failure>
  </testcase> <!-- createcustomer_underwritinginfo -->
  <testcase classname="Page_factory.customer" name="createcustomer_premiumquotes" time="3.053">
    <failure type="java.lang.AssertionError" message="expected [WIP Date] but found [null]">
      <![CDATA[java.lang.AssertionError: expected [WIP Date] but found [null]
	at Page_factory.customer.createcustomer_premiumquotes(customer.java:90)
... Removed 29 stack frames]]>
    </failure>
  </testcase> <!-- createcustomer_premiumquotes -->
  <testcase classname="Page_factory.customer" name="createcustomer_wip" time="3.08">
    <failure type="java.lang.AssertionError" message="expected [Client Premium Statement
] but found [null]">
      <![CDATA[java.lang.AssertionError: expected [Client Premium Statement
] but found [null]
	at Page_factory.customer.createcustomer_wip(customer.java:105)
... Removed 29 stack frames]]>
    </failure>
  </testcase> <!-- createcustomer_wip -->
  <testcase classname="Page_factory.customer" name="createcustomer_reports" time="3.043">
    <failure type="java.lang.AssertionError" message="expected [Line Card] but found [null]">
      <![CDATA[java.lang.AssertionError: expected [Line Card] but found [null]
	at Page_factory.customer.createcustomer_reports(customer.java:120)
... Removed 29 stack frames]]>
    </failure>
  </testcase> <!-- createcustomer_reports -->
  <testcase classname="Page_factory.customer" name="createcustomer_bondlog" time="3.041">
    <failure type="java.lang.AssertionError" message="expected [Bid Bond Log] but found [null]">
      <![CDATA[java.lang.AssertionError: expected [Bid Bond Log] but found [null]
	at Page_factory.customer.createcustomer_bondlog(customer.java:135)
... Removed 29 stack frames]]>
    </failure>
  </testcase> <!-- createcustomer_bondlog -->
  <testcase classname="Page_factory.customer" name="createcustomer_bidbondlog" time="3.054">
    <failure type="java.lang.AssertionError" message="expected [Fiscal Year End] but found [null]">
      <![CDATA[java.lang.AssertionError: expected [Fiscal Year End] but found [null]
	at Page_factory.customer.createcustomer_bidbondlog(customer.java:150)
... Removed 29 stack frames]]>
    </failure>
  </testcase> <!-- createcustomer_bidbondlog -->
  <testcase classname="Page_factory.customer" name="createcustomer_finanalysis" time="3.05">
    <failure type="java.lang.AssertionError" message="expected [CPA] but found [null]">
      <![CDATA[java.lang.AssertionError: expected [CPA] but found [null]
	at Page_factory.customer.createcustomer_finanalysis(customer.java:165)
... Removed 29 stack frames]]>
    </failure>
  </testcase> <!-- createcustomer_finanalysis -->
  <testcase classname="Page_factory.customer" name="createcustomer_businesscontact" time="3.051">
    <failure type="java.lang.AssertionError" message="expected [CPA] but found [null]">
      <![CDATA[java.lang.AssertionError: expected [CPA] but found [null]
	at Page_factory.customer.createcustomer_businesscontact(customer.java:180)
... Removed 29 stack frames]]>
    </failure>
  </testcase> <!-- createcustomer_businesscontact -->
  <testcase classname="Page_factory.surety" name="createsurety" time="17.284"/>
  <testcase classname="Page_factory.surety" name="companysurety" time="5.118">
    <failure type="java.lang.AssertionError" message="expected [Minimum Premium] but found [null]">
      <![CDATA[java.lang.AssertionError: expected [Minimum Premium] but found [null]
	at Page_factory.surety.companysurety(surety.java:37)
... Removed 29 stack frames]]>
    </failure>
  </testcase> <!-- companysurety -->
  <testcase classname="Page_factory.surety" name="underwritingsurety" time="6.286"/>
  <testcase classname="Page_factory.surety" name="claimsdebtsurety" time="6.231"/>
  <testcase classname="Page_factory.surety" name="accdeptsurety" time="6.056">
    <failure type="java.lang.AssertionError" message="expected [Bond Numbers ] but found [null]">
      <![CDATA[java.lang.AssertionError: expected [Bond Numbers ] but found [null]
	at Page_factory.surety.accdeptsurety(surety.java:138)
... Removed 29 stack frames]]>
    </failure>
  </testcase> <!-- accdeptsurety -->
  <testcase classname="Page_factory.surety" name="homeofficesurety" time="6.227"/>
  <testcase classname="Page_factory.surety" name="commdebtsurety" time="6.219"/>
</testsuite> <!-- Test -->
